version: (200506)

available memory: 64M bytes
used memory: 81920 bytes [need 80K bytes if disable swap]

used block: 3 [memory(3) file(0)]
                 [ 8K(2) 64K(1) { total 80K bytes } ]
overhead: (9514) bytes for (3) blocks [Average: (3171) bytes/block]

write  => 0(times) 0K(bytes) [0K bytes to file]
read   => 1(times) 7K(bytes) [1K bytes compressed data from file]
access => 145581(times) 1139M(bytes)
          [hit ratio: 99.9993%]

time: write(0) read(0)  unit: second

swap file directory: (/home/student/RTL2GDSII/rtl/verdiLog)
used swap file number: (1)



swap file manager:
arrSize: (256)
idxCnt: (3)
closeHead: (1)
closeTail: (2)
openCnt: (2)
fid(2): fd(24) fileName(/home/student/RTL2GDSII/rtl/verdiLog/_swap_0001#1880993786#15795)
	size(0) lastModTime(0) curModTime(1748754438)
	mode(w+b)	hot(0) cool(1) pos(0)
fid(1): fd(1073741824) fileName(/home/student/RTL2GDSII/rtl/simv.daidir/kdb.elab++/work.lib++/shifter_tb.v.tdc)
	size(1858) lastModTime(1748754417) curModTime(1748754417)
	mode(rb)	hot(2) cool(0) pos(0)
fid(0): fd(0) fileName(NULL)
	mode(NULL)	hot(0) cool(0) pos(0)
==================================================
mySelf(0x1e92ea80) pre(0x1e8e0b00) next((nil))
version(200506)
date(Sep  2 2024 20:32:07)
